build/app/intermediates/manifest_merge_blame_file/release/manifest-merger-blame-release-report.txt
1<?xml version="1.0" encoding="utf-8"?>
2<manifest xmlns:android="http://schemas.android.com/apk/res/android"
3    package="com.olj.olajin"
4    android:versionCode="1"
5    android:versionName="1.0.0" >
6
7    <uses-sdk
8        android:minSdkVersion="17"
8-->src/main/AndroidManifest.xml
9        android:targetSdkVersion="28" />
9-->src/main/AndroidManifest.xml
10
11    <uses-permission android:name="android.permission.INTERNET" />
11-->src/main/AndroidManifest.xml:5:5-67
11-->src/main/AndroidManifest.xml:5:22-64
12    <!--
13     io.flutter.app.FlutterApplication is an android.app.Application that
14         calls FlutterMain.startInitialization(this); in its onCreate method.
15         In most cases you can leave this as-is, but you if you want to provide
16         additional functionality it is fine to subclass or reimplement
17         FlutterApplication and put your custom class here.
18    -->
19    <application
19-->src/main/AndroidManifest.xml:11:5-33:19
20        android:name="com.olj.olamall_app.MainApp"
20-->src/main/AndroidManifest.xml:12:9-51
21        android:appComponentFactory="androidx.core.app.CoreComponentFactory"
21-->[androidx.core:core:1.0.0] AndroidManifest.xml:22:18-86
22        android:icon="@mipmap/ic_launcher"
22-->src/main/AndroidManifest.xml:15:9-43
23        android:label="olamall_app" >
23-->src/main/AndroidManifest.xml:13:9-36
24        <activity
24-->src/main/AndroidManifest.xml:16:9-27:20
25            android:name="com.olj.olamall_app.MainActivity"
25-->src/main/AndroidManifest.xml:17:13-60
26            android:configChanges="orientation|keyboardHidden|keyboard|screenSize|smallestScreenSize|locale|layoutDirection|fontScale|screenLayout|density|uiMode"
26-->src/main/AndroidManifest.xml:20:13-163
27            android:hardwareAccelerated="true"
27-->src/main/AndroidManifest.xml:21:13-47
28            android:launchMode="singleTop"
28-->src/main/AndroidManifest.xml:18:13-43
29            android:theme="@style/LaunchTheme"
29-->src/main/AndroidManifest.xml:19:13-47
30            android:windowSoftInputMode="adjustResize" >
30-->src/main/AndroidManifest.xml:22:13-55
31            <intent-filter>
31-->src/main/AndroidManifest.xml:23:13-26:29
32                <action android:name="android.intent.action.MAIN" />
32-->src/main/AndroidManifest.xml:24:17-68
32-->src/main/AndroidManifest.xml:24:25-66
33
34                <category android:name="android.intent.category.LAUNCHER" />
34-->src/main/AndroidManifest.xml:25:17-76
34-->src/main/AndroidManifest.xml:25:27-74
35            </intent-filter>
36        </activity>
37        <!--
38             Don't delete the meta-data below.
39             This is used by the Flutter tool to generate GeneratedPluginRegistrant.java
40        -->
41        <meta-data
41-->src/main/AndroidManifest.xml:30:9-32:33
42            android:name="flutterEmbedding"
42-->src/main/AndroidManifest.xml:31:13-44
43            android:value="2" />
43-->src/main/AndroidManifest.xml:32:13-30
44
45        <activity
45-->[:flutter_inappbrowser] AndroidManifest.xml:10:9-13:47
46            android:name="com.pichillilorenzo.flutter_inappbrowser.InAppBrowserActivity"
46-->[:flutter_inappbrowser] AndroidManifest.xml:11:13-89
47            android:configChanges="orientation|screenSize"
47-->[:flutter_inappbrowser] AndroidManifest.xml:12:13-59
48            android:theme="@style/AppTheme" />
48-->[:flutter_inappbrowser] AndroidManifest.xml:13:13-44
49        <activity
49-->[:flutter_inappbrowser] AndroidManifest.xml:14:9-17:55
50            android:name="com.pichillilorenzo.flutter_inappbrowser.ChromeCustomTabs.ChromeCustomTabsActivity"
50-->[:flutter_inappbrowser] AndroidManifest.xml:15:13-110
51            android:configChanges="orientation|screenSize"
51-->[:flutter_inappbrowser] AndroidManifest.xml:16:13-59
52            android:theme="@style/ThemeTransparent" />
52-->[:flutter_inappbrowser] AndroidManifest.xml:17:13-52
53    </application>
54
55</manifest>